<?xml version="1.0" encoding="UTF-8"?>
<testsuite xmlns:xsi="http://www.w3.org/2001/XMLSchema-instance" xsi:noNamespaceSchemaLocation="https://maven.apache.org/surefire/maven-surefire-plugin/xsd/surefire-test-report.xsd" name="myFirstApplication.MyFirstApplicationTest" time="1.045" tests="2" errors="0" skipped="0" failures="0">
  <properties>
[...]
</properties>
  <testcase name="titleIsCorrect" classname="myFirstApplication.MyFirstApplicationTest" time="0.714"/>
  <testcase name="windowOpens" classname="myFirstApplication.MyFirstApplicationTest" time="0.231"/>
</testsuite>